[DEBUG] 2019-12-15 03:26:27.073 [main] Log4J2PropertiesConf - This is a debug message
[INFO ] 2019-12-15 03:26:27.085 [main] Log4J2PropertiesConf - This is an info message
[WARN ] 2019-12-15 03:26:27.086 [main] Log4J2PropertiesConf - This is a warn message
[ERROR] 2019-12-15 03:26:27.086 [main] Log4J2PropertiesConf - This is an error message
[FATAL] 2019-12-15 03:26:27.086 [main] Log4J2PropertiesConf - This is a fatal message
[INFO ] 2019-12-15 15:20:15.415 [main] TokenServiceTest - Starting TokenServiceTest on prashants-MacBook-Pro.local with PID 80091 (started by prashantreddy in /Users/prashantreddy/Documents/Cerence-CodingChallenge/Cerence-CodingChallenge/fibonacciGenerator)
[DEBUG] 2019-12-15 15:20:15.426 [main] TokenServiceTest - Running with Spring Boot v2.2.0.RELEASE, Spring v5.2.0.RELEASE
[INFO ] 2019-12-15 15:20:15.427 [main] TokenServiceTest - No active profile set, falling back to default profiles: default
[INFO ] 2019-12-15 15:20:18.031 [main] TokenServiceTest - Started TokenServiceTest in 2.853 seconds (JVM running for 6.194)
[INFO ] 2019-12-15 15:20:25.560 [restartedMain] FibonacciGeneratorApplication - Starting FibonacciGeneratorApplication on prashants-MacBook-Pro.local with PID 80107 (/Users/prashantreddy/Documents/Cerence-CodingChallenge/Cerence-CodingChallenge/fibonacciGenerator/target/classes started by prashantreddy in /Users/prashantreddy/Documents/Cerence-CodingChallenge/Cerence-CodingChallenge/fibonacciGenerator)
[DEBUG] 2019-12-15 15:20:25.566 [restartedMain] FibonacciGeneratorApplication - Running with Spring Boot v2.2.0.RELEASE, Spring v5.2.0.RELEASE
[INFO ] 2019-12-15 15:20:25.566 [restartedMain] FibonacciGeneratorApplication - No active profile set, falling back to default profiles: default
[INFO ] 2019-12-15 15:20:27.504 [restartedMain] FibonacciGeneratorApplication - Started FibonacciGeneratorApplication in 2.287 seconds (JVM running for 3.318)
[INFO ] 2019-12-15 15:23:20.256 [restartedMain] FibonacciGeneratorApplication - Starting FibonacciGeneratorApplication on prashants-MacBook-Pro.local with PID 80178 (/Users/prashantreddy/Documents/Cerence-CodingChallenge/Cerence-CodingChallenge/fibonacciGenerator/target/classes started by prashantreddy in /Users/prashantreddy/Documents/Cerence-CodingChallenge/Cerence-CodingChallenge/fibonacciGenerator)
[DEBUG] 2019-12-15 15:23:20.269 [restartedMain] FibonacciGeneratorApplication - Running with Spring Boot v2.2.0.RELEASE, Spring v5.2.0.RELEASE
[INFO ] 2019-12-15 15:23:20.270 [restartedMain] FibonacciGeneratorApplication - No active profile set, falling back to default profiles: default
[INFO ] 2019-12-15 15:23:22.178 [restartedMain] FibonacciGeneratorApplication - Started FibonacciGeneratorApplication in 2.203 seconds (JVM running for 4.052)
[INFO ] 2019-12-15 15:24:28.743 [restartedMain] FibonacciGeneratorApplication - Starting FibonacciGeneratorApplication on prashants-MacBook-Pro.local with PID 80198 (/Users/prashantreddy/Documents/Cerence-CodingChallenge/Cerence-CodingChallenge/fibonacciGenerator/target/classes started by prashantreddy in /Users/prashantreddy/Documents/Cerence-CodingChallenge/Cerence-CodingChallenge/fibonacciGenerator)
[DEBUG] 2019-12-15 15:24:28.752 [restartedMain] FibonacciGeneratorApplication - Running with Spring Boot v2.2.0.RELEASE, Spring v5.2.0.RELEASE
[INFO ] 2019-12-15 15:24:28.753 [restartedMain] FibonacciGeneratorApplication - No active profile set, falling back to default profiles: default
[INFO ] 2019-12-15 15:24:30.684 [restartedMain] FibonacciGeneratorApplication - Started FibonacciGeneratorApplication in 2.211 seconds (JVM running for 3.188)
[INFO ] 2019-12-15 15:26:46.307 [restartedMain] FibonacciGeneratorApplication - Starting FibonacciGeneratorApplication on prashants-MacBook-Pro.local with PID 80236 (/Users/prashantreddy/Documents/Cerence-CodingChallenge/Cerence-CodingChallenge/fibonacciGenerator/target/classes started by prashantreddy in /Users/prashantreddy/Documents/Cerence-CodingChallenge/Cerence-CodingChallenge/fibonacciGenerator)
[DEBUG] 2019-12-15 15:26:46.317 [restartedMain] FibonacciGeneratorApplication - Running with Spring Boot v2.2.0.RELEASE, Spring v5.2.0.RELEASE
[INFO ] 2019-12-15 15:26:46.318 [restartedMain] FibonacciGeneratorApplication - No active profile set, falling back to default profiles: default
[INFO ] 2019-12-15 15:26:48.273 [restartedMain] FibonacciGeneratorApplication - Started FibonacciGeneratorApplication in 2.286 seconds (JVM running for 3.393)
[INFO ] 2019-12-15 15:27:17.919 [restartedMain] FibonacciGeneratorApplication - Starting FibonacciGeneratorApplication on prashants-MacBook-Pro.local with PID 80236 (/Users/prashantreddy/Documents/Cerence-CodingChallenge/Cerence-CodingChallenge/fibonacciGenerator/target/classes started by prashantreddy in /Users/prashantreddy/Documents/Cerence-CodingChallenge/Cerence-CodingChallenge/fibonacciGenerator)
[DEBUG] 2019-12-15 15:27:17.921 [restartedMain] FibonacciGeneratorApplication - Running with Spring Boot v2.2.0.RELEASE, Spring v5.2.0.RELEASE
[INFO ] 2019-12-15 15:27:17.922 [restartedMain] FibonacciGeneratorApplication - No active profile set, falling back to default profiles: default
[INFO ] 2019-12-15 15:27:18.581 [restartedMain] FibonacciGeneratorApplication - Started FibonacciGeneratorApplication in 0.706 seconds (JVM running for 33.701)
[INFO ] 2019-12-15 15:27:20.415 [main] TokenServiceTest - Starting TokenServiceTest on prashants-MacBook-Pro.local with PID 80276 (started by prashantreddy in /Users/prashantreddy/Documents/Cerence-CodingChallenge/Cerence-CodingChallenge/fibonacciGenerator)
[DEBUG] 2019-12-15 15:27:20.422 [main] TokenServiceTest - Running with Spring Boot v2.2.0.RELEASE, Spring v5.2.0.RELEASE
[INFO ] 2019-12-15 15:27:20.427 [main] TokenServiceTest - No active profile set, falling back to default profiles: default
[INFO ] 2019-12-15 15:27:23.824 [main] TokenServiceTest - Started TokenServiceTest in 3.642 seconds (JVM running for 5.013)
[INFO ] 2019-12-15 15:29:51.670 [restartedMain] FibonacciGeneratorApplication - Starting FibonacciGeneratorApplication on prashants-MacBook-Pro.local with PID 80476 (/Users/prashantreddy/Documents/Cerence-CodingChallenge/Cerence-CodingChallenge/fibonacciGenerator/target/classes started by prashantreddy in /Users/prashantreddy/Documents/Cerence-CodingChallenge/Cerence-CodingChallenge/fibonacciGenerator)
[DEBUG] 2019-12-15 15:29:51.677 [restartedMain] FibonacciGeneratorApplication - Running with Spring Boot v2.2.0.RELEASE, Spring v5.2.0.RELEASE
[INFO ] 2019-12-15 15:29:51.677 [restartedMain] FibonacciGeneratorApplication - No active profile set, falling back to default profiles: default
[INFO ] 2019-12-15 15:29:53.514 [restartedMain] FibonacciGeneratorApplication - Started FibonacciGeneratorApplication in 2.159 seconds (JVM running for 3.447)
[INFO ] 2019-12-15 15:30:56.337 [restartedMain] FibonacciGeneratorApplication - Starting FibonacciGeneratorApplication on prashants-MacBook-Pro.local with PID 80499 (/Users/prashantreddy/Documents/Cerence-CodingChallenge/Cerence-CodingChallenge/fibonacciGenerator/target/classes started by prashantreddy in /Users/prashantreddy/Documents/Cerence-CodingChallenge/Cerence-CodingChallenge/fibonacciGenerator)
[DEBUG] 2019-12-15 15:30:56.347 [restartedMain] FibonacciGeneratorApplication - Running with Spring Boot v2.2.2.RELEASE, Spring v5.2.2.RELEASE
[INFO ] 2019-12-15 15:30:56.348 [restartedMain] FibonacciGeneratorApplication - No active profile set, falling back to default profiles: default
[INFO ] 2019-12-15 15:30:58.476 [restartedMain] FibonacciGeneratorApplication - Started FibonacciGeneratorApplication in 2.493 seconds (JVM running for 3.631)
[INFO ] 2019-12-15 15:31:59.087 [restartedMain] FibonacciGeneratorApplication - Starting FibonacciGeneratorApplication on prashants-MacBook-Pro.local with PID 80543 (/Users/prashantreddy/Documents/Cerence-CodingChallenge/Cerence-CodingChallenge/fibonacciGenerator/target/classes started by prashantreddy in /Users/prashantreddy/Documents/Cerence-CodingChallenge/Cerence-CodingChallenge/fibonacciGenerator)
[DEBUG] 2019-12-15 15:31:59.094 [restartedMain] FibonacciGeneratorApplication - Running with Spring Boot v2.2.2.RELEASE, Spring v5.2.2.RELEASE
[INFO ] 2019-12-15 15:31:59.095 [restartedMain] FibonacciGeneratorApplication - No active profile set, falling back to default profiles: default
[INFO ] 2019-12-15 15:32:01.148 [restartedMain] FibonacciGeneratorApplication - Started FibonacciGeneratorApplication in 2.374 seconds (JVM running for 3.469)
[INFO ] 2019-12-15 15:34:03.015 [restartedMain] FibonacciGeneratorApplication - Starting FibonacciGeneratorApplication on prashants-MacBook-Pro.local with PID 80608 (/Users/prashantreddy/Documents/Cerence-CodingChallenge/Cerence-CodingChallenge/fibonacciGenerator/target/classes started by prashantreddy in /Users/prashantreddy/Documents/Cerence-CodingChallenge/Cerence-CodingChallenge/fibonacciGenerator)
[DEBUG] 2019-12-15 15:34:03.032 [restartedMain] FibonacciGeneratorApplication - Running with Spring Boot v2.2.2.RELEASE, Spring v5.2.2.RELEASE
[INFO ] 2019-12-15 15:34:03.033 [restartedMain] FibonacciGeneratorApplication - No active profile set, falling back to default profiles: default
[INFO ] 2019-12-15 15:34:04.894 [restartedMain] FibonacciGeneratorApplication - Started FibonacciGeneratorApplication in 2.211 seconds (JVM running for 3.363)
[INFO ] 2019-12-15 15:35:24.590 [main] TokenServiceTest - Starting TokenServiceTest on prashants-MacBook-Pro.local with PID 80647 (started by prashantreddy in /Users/prashantreddy/Documents/Cerence-CodingChallenge/Cerence-CodingChallenge/fibonacciGenerator)
[DEBUG] 2019-12-15 15:35:24.600 [main] TokenServiceTest - Running with Spring Boot v2.2.2.RELEASE, Spring v5.2.2.RELEASE
[INFO ] 2019-12-15 15:35:24.601 [main] TokenServiceTest - No active profile set, falling back to default profiles: default
[INFO ] 2019-12-15 15:35:27.746 [main] TokenServiceTest - Started TokenServiceTest in 3.434 seconds (JVM running for 4.713)
[INFO ] 2019-12-15 15:35:39.593 [restartedMain] FibonacciGeneratorApplication - Starting FibonacciGeneratorApplication on prashants-MacBook-Pro.local with PID 80679 (/Users/prashantreddy/Documents/Cerence-CodingChallenge/Cerence-CodingChallenge/fibonacciGenerator/target/classes started by prashantreddy in /Users/prashantreddy/Documents/Cerence-CodingChallenge/Cerence-CodingChallenge/fibonacciGenerator)
[DEBUG] 2019-12-15 15:35:39.598 [restartedMain] FibonacciGeneratorApplication - Running with Spring Boot v2.2.2.RELEASE, Spring v5.2.2.RELEASE
[INFO ] 2019-12-15 15:35:39.599 [restartedMain] FibonacciGeneratorApplication - No active profile set, falling back to default profiles: default
[INFO ] 2019-12-15 15:35:41.348 [restartedMain] FibonacciGeneratorApplication - Started FibonacciGeneratorApplication in 1.972 seconds (JVM running for 2.529)
[INFO ] 2019-12-15 15:38:31.329 [restartedMain] FibonacciGeneratorApplication - Starting FibonacciGeneratorApplication on prashants-MacBook-Pro.local with PID 80749 (/Users/prashantreddy/Documents/Cerence-CodingChallenge/Cerence-CodingChallenge/fibonacciGenerator/target/classes started by prashantreddy in /Users/prashantreddy/Documents/Cerence-CodingChallenge/Cerence-CodingChallenge/fibonacciGenerator)
[DEBUG] 2019-12-15 15:38:31.333 [restartedMain] FibonacciGeneratorApplication - Running with Spring Boot v2.2.2.RELEASE, Spring v5.2.2.RELEASE
[INFO ] 2019-12-15 15:38:31.334 [restartedMain] FibonacciGeneratorApplication - No active profile set, falling back to default profiles: default
[INFO ] 2019-12-15 15:38:33.039 [restartedMain] FibonacciGeneratorApplication - Started FibonacciGeneratorApplication in 1.903 seconds (JVM running for 2.809)
[INFO ] 2019-12-15 15:49:31.431 [restartedMain] FibonacciGeneratorApplication - Starting FibonacciGeneratorApplication on prashants-MacBook-Pro.local with PID 81000 (/Users/prashantreddy/Documents/Cerence-CodingChallenge/Cerence-CodingChallenge/fibonacciGenerator/target/classes started by prashantreddy in /Users/prashantreddy/Documents/Cerence-CodingChallenge/Cerence-CodingChallenge/fibonacciGenerator)
[DEBUG] 2019-12-15 15:49:31.436 [restartedMain] FibonacciGeneratorApplication - Running with Spring Boot v2.2.2.RELEASE, Spring v5.2.2.RELEASE
[INFO ] 2019-12-15 15:49:31.436 [restartedMain] FibonacciGeneratorApplication - No active profile set, falling back to default profiles: default
[INFO ] 2019-12-15 15:49:33.137 [restartedMain] FibonacciGeneratorApplication - Started FibonacciGeneratorApplication in 1.9 seconds (JVM running for 2.876)
[INFO ] 2019-12-15 15:51:30.390 [restartedMain] FibonacciGeneratorApplication - Starting FibonacciGeneratorApplication on prashants-MacBook-Pro.local with PID 81015 (/Users/prashantreddy/Documents/Cerence-CodingChallenge/Cerence-CodingChallenge/fibonacciGenerator/target/classes started by prashantreddy in /Users/prashantreddy/Documents/Cerence-CodingChallenge/Cerence-CodingChallenge/fibonacciGenerator)
[DEBUG] 2019-12-15 15:51:30.394 [restartedMain] FibonacciGeneratorApplication - Running with Spring Boot v2.2.2.RELEASE, Spring v5.2.2.RELEASE
[INFO ] 2019-12-15 15:51:30.394 [restartedMain] FibonacciGeneratorApplication - No active profile set, falling back to default profiles: default
[INFO ] 2019-12-15 15:51:32.317 [restartedMain] FibonacciGeneratorApplication - Started FibonacciGeneratorApplication in 2.119 seconds (JVM running for 2.841)
[INFO ] 2019-12-15 15:52:26.551 [restartedMain] FibonacciGeneratorApplication - Starting FibonacciGeneratorApplication on prashants-MacBook-Pro.local with PID 81030 (/Users/prashantreddy/Documents/Cerence-CodingChallenge/Cerence-CodingChallenge/fibonacciGenerator/target/classes started by prashantreddy in /Users/prashantreddy/Documents/Cerence-CodingChallenge/Cerence-CodingChallenge/fibonacciGenerator)
[DEBUG] 2019-12-15 15:52:26.558 [restartedMain] FibonacciGeneratorApplication - Running with Spring Boot v2.2.0.RELEASE, Spring v5.2.0.RELEASE
[INFO ] 2019-12-15 15:52:26.559 [restartedMain] FibonacciGeneratorApplication - No active profile set, falling back to default profiles: default
[INFO ] 2019-12-15 15:52:28.747 [restartedMain] FibonacciGeneratorApplication - Started FibonacciGeneratorApplication in 2.546 seconds (JVM running for 3.563)
